[21:05:53] [ServerMain/INFO]: Environment: authHost='https://authserver.mojang.com', accountsHost='https://api.mojang.com', sessionHost='https://sessionserver.mojang.com', servicesHost='https://api.minecraftservices.com', name='PROD'
[21:05:54] [ServerMain/WARN]: Ambiguity between arguments [teleport, location] and [teleport, destination] with inputs: [0.1 -0.5 .9, 0 0 0]
[21:05:54] [ServerMain/WARN]: Ambiguity between arguments [teleport, location] and [teleport, targets] with inputs: [0.1 -0.5 .9, 0 0 0]
[21:05:54] [ServerMain/WARN]: Ambiguity between arguments [teleport, destination] and [teleport, targets] with inputs: [Player, 0123, @e, dd12be42-52a9-4a91-a8a1-11c01849e498]
[21:05:54] [ServerMain/WARN]: Ambiguity between arguments [teleport, targets] and [teleport, destination] with inputs: [Player, 0123, dd12be42-52a9-4a91-a8a1-11c01849e498]
[21:05:54] [ServerMain/WARN]: Ambiguity between arguments [teleport, targets, location] and [teleport, targets, destination] with inputs: [0.1 -0.5 .9, 0 0 0]
[21:05:54] [ServerMain/INFO]: Reloading ResourceManager: Default
[21:05:56] [Worker-Main-19/INFO]: Loaded 7 recipes
[21:05:57] [Worker-Main-19/INFO]: Loaded 1141 advancements
[21:06:01] [Server thread/INFO]: Starting minecraft server version 1.18
[21:06:01] [Server thread/INFO]: Loading properties
[21:06:01] [Server thread/INFO]: Default game type: SURVIVAL
[21:06:01] [Server thread/INFO]: Generating keypair
[21:06:01] [Server thread/INFO]: Starting Minecraft server on *:25565
[21:06:01] [Server console handler/ERROR]: Exception handling console input
java.io.IOException: Controlador no válido
	at java.io.FileInputStream.readBytes(Native Method) ~[?:?]
	at java.io.FileInputStream.read(FileInputStream.java:276) ~[?:?]
	at java.io.BufferedInputStream.read1(BufferedInputStream.java:282) ~[?:?]
	at java.io.BufferedInputStream.read(BufferedInputStream.java:343) ~[?:?]
	at sun.nio.cs.StreamDecoder.readBytes(StreamDecoder.java:270) ~[?:?]
	at sun.nio.cs.StreamDecoder.implRead(StreamDecoder.java:313) ~[?:?]
	at sun.nio.cs.StreamDecoder.read(StreamDecoder.java:188) ~[?:?]
	at java.io.InputStreamReader.read(InputStreamReader.java:177) ~[?:?]
	at java.io.BufferedReader.fill(BufferedReader.java:162) ~[?:?]
	at java.io.BufferedReader.readLine(BufferedReader.java:329) ~[?:?]
	at java.io.BufferedReader.readLine(BufferedReader.java:396) ~[?:?]
	at acj$1.run(SourceFile:101) [server-1.18.jar:?]
[21:06:02] [Server thread/INFO]: Using default channel type
[21:06:03] [Server thread/WARN]: **** SERVER IS RUNNING IN OFFLINE/INSECURE MODE!
[21:06:03] [Server thread/WARN]: The server will make no attempt to authenticate usernames. Beware.
[21:06:03] [Server thread/WARN]: While this makes the game possible to play without internet access, it also opens up the ability for hackers to connect with any username they choose.
[21:06:03] [Server thread/WARN]: To change this, set "online-mode" to "true" in the server.properties file.
[21:06:03] [Server thread/INFO]: Preparing level "world"
[21:06:10] [Server thread/INFO]: Preparing start region for dimension minecraft:overworld
[21:06:12] [Worker-Main-21/INFO]: Preparing spawn area: 0%
[21:06:12] [Worker-Main-21/INFO]: Preparing spawn area: 0%
[21:06:12] [Worker-Main-21/INFO]: Preparing spawn area: 0%
[21:06:12] [Worker-Main-21/INFO]: Preparing spawn area: 0%
[21:06:12] [Worker-Main-26/INFO]: Preparing spawn area: 0%
[21:06:13] [Worker-Main-19/INFO]: Preparing spawn area: 0%
[21:06:13] [Worker-Main-28/INFO]: Preparing spawn area: 0%
[21:06:14] [Worker-Main-21/INFO]: Preparing spawn area: 0%
[21:06:14] [Worker-Main-21/INFO]: Preparing spawn area: 0%
[21:06:15] [Worker-Main-17/INFO]: Preparing spawn area: 0%
[21:06:15] [Worker-Main-29/INFO]: Preparing spawn area: 0%
[21:06:16] [Worker-Main-29/INFO]: Preparing spawn area: 1%
[21:06:16] [Worker-Main-16/INFO]: Preparing spawn area: 1%
[21:06:17] [Worker-Main-21/INFO]: Preparing spawn area: 2%
[21:06:17] [Worker-Main-22/INFO]: Preparing spawn area: 3%
[21:06:18] [Worker-Main-20/INFO]: Preparing spawn area: 4%
[21:06:18] [Worker-Main-19/INFO]: Preparing spawn area: 6%
[21:06:19] [Worker-Main-24/INFO]: Preparing spawn area: 9%
[21:06:19] [Worker-Main-27/INFO]: Preparing spawn area: 12%
[21:06:20] [Worker-Main-17/INFO]: Preparing spawn area: 15%
[21:06:20] [Worker-Main-21/INFO]: Preparing spawn area: 17%
[21:06:21] [Worker-Main-16/INFO]: Preparing spawn area: 21%
[21:06:21] [Worker-Main-22/INFO]: Preparing spawn area: 26%
[21:06:22] [Worker-Main-21/INFO]: Preparing spawn area: 28%
[21:06:22] [Worker-Main-25/INFO]: Preparing spawn area: 34%
[21:06:23] [Worker-Main-19/INFO]: Preparing spawn area: 36%
[21:06:23] [Worker-Main-27/INFO]: Preparing spawn area: 41%
[21:06:24] [Worker-Main-30/INFO]: Preparing spawn area: 45%
[21:06:24] [Worker-Main-21/INFO]: Preparing spawn area: 48%
[21:06:25] [Worker-Main-18/INFO]: Preparing spawn area: 53%
[21:06:25] [Worker-Main-18/INFO]: Preparing spawn area: 58%
[21:06:26] [Worker-Main-16/INFO]: Preparing spawn area: 63%
[21:06:26] [Worker-Main-23/INFO]: Preparing spawn area: 68%
[21:06:27] [Worker-Main-21/INFO]: Preparing spawn area: 72%
[21:06:27] [Worker-Main-18/INFO]: Preparing spawn area: 77%
[21:06:28] [Worker-Main-28/INFO]: Preparing spawn area: 83%
[21:06:28] [Worker-Main-26/INFO]: Preparing spawn area: 87%
[21:06:29] [Worker-Main-22/INFO]: Preparing spawn area: 93%
[21:06:29] [Worker-Main-26/INFO]: Preparing spawn area: 98%
[21:06:29] [Server thread/INFO]: Time elapsed: 19037 ms
[21:06:29] [Server thread/INFO]: Done (26.715s)! For help, type "help"
[21:06:52] [Server thread/INFO]: Stopping server
[21:06:52] [Server thread/INFO]: Saving players
[21:06:52] [Server thread/INFO]: Saving worlds
[21:06:52] [Server thread/INFO]: Saving chunks for level 'ServerLevel[world]'/minecraft:overworld
[21:06:52] [Server thread/INFO]: Saving chunks for level 'ServerLevel[world]'/minecraft:the_nether
[21:06:52] [Server thread/INFO]: Saving chunks for level 'ServerLevel[world]'/minecraft:the_end
[21:06:52] [Server thread/INFO]: ThreadedAnvilChunkStorage (world): All chunks are saved
[21:06:52] [Server thread/INFO]: ThreadedAnvilChunkStorage (DIM-1): All chunks are saved
[21:06:52] [Server thread/INFO]: ThreadedAnvilChunkStorage (DIM1): All chunks are saved
[21:06:52] [Server thread/INFO]: ThreadedAnvilChunkStorage: All dimensions are saved
